{
  "RSpec": {
    "coverage": {
      "/home/vishnu/personal/GreenPieceBackend/app/models/user.rb": {
        "lines": [
          null,
          null,
          null,
          null,
          null,
          null,
          null,
          null,
          null,
          null,
          null,
          null,
          null,
          null,
          null,
          null,
          null,
          null,
          null,
          null,
          null,
          null,
          null,
          null,
          null,
          null,
          null,
          null,
          null,
          null,
          null,
          null,
          null,
          null,
          null,
          null,
          null,
          null,
          null,
          null,
          null,
          null,
          null,
          null,
          null,
          null,
          1,
          null,
          1,
          1,
          1,
          1,
          null,
          1,
          null,
          null,
          null,
          null,
          null,
          null,
          null,
          null,
          1,
          1,
          null,
          null,
          1,
          null,
          1,
          25,
          null,
          null,
          null,
          1,
          null,
          null,
          1,
          0,
          null,
          null,
          null,
          1,
          0,
          null,
          null,
          null,
          1,
          0,
          null,
          null,
          null,
          1,
          0,
          null,
          null,
          null,
          1,
          8,
          8,
          8,
          null,
          null,
          null,
          null,
          null,
          null,
          1,
          0,
          null,
          null,
          1,
          null,
          10,
          0,
          null,
          null,
          null
        ]
      },
      "/home/vishnu/personal/GreenPieceBackend/app/models/application_record.rb": {
        "lines": [
          null,
          null,
          1,
          1,
          null
        ]
      },
      "/home/vishnu/personal/GreenPieceBackend/app/models/concerns/users/allowlist.rb": {
        "lines": [
          1,
          1,
          null,
          1,
          1,
          null,
          null,
          1,
          8,
          null,
          null,
          null,
          1,
          0,
          0,
          null,
          null,
          null,
          null,
          1,
          8,
          8,
          null,
          null,
          null,
          null,
          8,
          0,
          null,
          null,
          null,
          null,
          null,
          null,
          null,
          null,
          8,
          null,
          null
        ]
      },
      "/home/vishnu/personal/GreenPieceBackend/app/models/concerns/users/associations.rb": {
        "lines": [
          1,
          1,
          null,
          1,
          1,
          null,
          null
        ]
      },
      "/home/vishnu/personal/GreenPieceBackend/app/models/concerns/users/logic.rb": {
        "lines": [
          1,
          1,
          null,
          1,
          1,
          null,
          8,
          null,
          null,
          null,
          null,
          null,
          null,
          1,
          null,
          0,
          null,
          null,
          null,
          null,
          null
        ]
      },
      "/home/vishnu/personal/GreenPieceBackend/app/models/concerns/users/validations.rb": {
        "lines": [
          1,
          1,
          null,
          1,
          1,
          null,
          null,
          1,
          null,
          1,
          null,
          null,
          null,
          1,
          null,
          1,
          null,
          null,
          null
        ]
      },
      "/home/vishnu/personal/GreenPieceBackend/app/controllers/ping_controller.rb": {
        "lines": [
          1,
          1,
          null,
          null,
          1,
          1,
          null,
          null,
          null,
          1,
          1,
          null,
          null
        ]
      },
      "/home/vishnu/personal/GreenPieceBackend/app/controllers/application_controller.rb": {
        "lines": [
          1,
          1,
          null,
          1,
          1,
          null,
          1,
          null,
          null,
          null,
          1,
          1,
          1,
          1,
          1,
          null,
          null,
          null,
          1,
          7,
          7,
          7,
          7,
          null,
          null,
          null,
          1,
          8,
          8,
          0,
          null,
          8,
          0,
          null,
          null,
          8,
          null,
          null,
          null,
          1,
          8,
          3,
          null,
          5,
          null,
          null,
          null,
          1,
          null,
          1,
          8,
          null,
          null,
          1,
          8,
          8,
          null,
          null,
          1,
          null,
          1,
          0,
          0,
          null,
          null,
          null,
          1,
          2,
          null,
          null,
          null
        ]
      },
      "/home/vishnu/personal/GreenPieceBackend/app/controllers/sessions_controller.rb": {
        "lines": [
          1,
          null,
          1,
          1,
          null,
          null,
          null,
          1,
          null,
          8,
          8,
          8,
          8,
          8,
          null,
          8,
          8,
          8,
          null,
          null,
          null,
          null,
          8,
          8,
          8,
          8,
          null,
          null,
          null,
          null,
          8,
          null,
          8,
          null,
          0,
          null,
          null,
          0,
          null,
          null,
          1,
          null,
          1,
          8,
          null,
          null,
          null,
          null,
          1,
          null,
          null,
          8,
          null,
          null,
          null,
          null,
          null,
          null,
          null,
          1,
          0,
          null,
          null
        ]
      },
      "/home/vishnu/personal/GreenPieceBackend/app/models/allowlisted_jwt.rb": {
        "lines": [
          null,
          null,
          null,
          null,
          null,
          null,
          null,
          null,
          null,
          null,
          null,
          null,
          null,
          null,
          null,
          null,
          null,
          null,
          1,
          null
        ]
      },
      "/home/vishnu/personal/GreenPieceBackend/app/controllers/api/v1/posts_controller.rb": {
        "lines": [
          1,
          1,
          null,
          null,
          1,
          1,
          1,
          1,
          null,
          null,
          null,
          1,
          2,
          2,
          1,
          1,
          null,
          null,
          null,
          1,
          1,
          1,
          1,
          null,
          null,
          null,
          1,
          3,
          2,
          2,
          2,
          null,
          1,
          null,
          null,
          null,
          1,
          2,
          2,
          1,
          1,
          null,
          null,
          1,
          null,
          1,
          1,
          null,
          null,
          1,
          1,
          null,
          null,
          1,
          3,
          null,
          null
        ]
      },
      "/home/vishnu/personal/GreenPieceBackend/app/models/post.rb": {
        "lines": [
          null,
          null,
          null,
          null,
          null,
          null,
          null,
          null,
          null,
          null,
          null,
          null,
          1,
          1,
          1,
          1,
          1,
          null,
          1,
          1,
          null
        ]
      },
      "/home/vishnu/personal/GreenPieceBackend/app/models/concerns/posts/associations.rb": {
        "lines": [
          1,
          1,
          null,
          1,
          1,
          null,
          null
        ]
      },
      "/home/vishnu/personal/GreenPieceBackend/app/models/concerns/posts/scopes.rb": {
        "lines": [
          1,
          1,
          null,
          1,
          1,
          1,
          1,
          1,
          0,
          null,
          1,
          null,
          1,
          0,
          null,
          null,
          null
        ]
      },
      "/home/vishnu/personal/GreenPieceBackend/app/models/concerns/posts/logic.rb": {
        "lines": [
          1,
          1,
          null,
          1,
          1,
          1,
          null,
          null,
          1,
          1,
          null,
          null,
          1,
          1,
          1,
          null,
          null,
          1,
          1,
          1,
          null,
          null,
          null
        ]
      },
      "/home/vishnu/personal/GreenPieceBackend/app/models/concerns/posts/validations.rb": {
        "lines": [
          1,
          1,
          null,
          1,
          1,
          1,
          null,
          null
        ]
      },
      "/home/vishnu/personal/GreenPieceBackend/app/policies/post_policy.rb": {
        "lines": [
          1,
          1,
          1,
          1,
          null,
          null,
          null,
          1,
          1,
          null,
          null,
          1,
          2,
          null,
          null,
          1,
          2,
          null,
          null
        ]
      },
      "/home/vishnu/personal/GreenPieceBackend/app/policies/application_policy.rb": {
        "lines": [
          null,
          null,
          1,
          1,
          null,
          1,
          5,
          5,
          null,
          null,
          1,
          0,
          null,
          null,
          1,
          0,
          null,
          null,
          1,
          0,
          null,
          null,
          1,
          0,
          null,
          null,
          1,
          0,
          null,
          null,
          1,
          0,
          null,
          null,
          1,
          0,
          null,
          null,
          1,
          0,
          null,
          null,
          1,
          1,
          null,
          1,
          1,
          1,
          null,
          null,
          1,
          0,
          null,
          null,
          null
        ]
      },
      "/home/vishnu/personal/GreenPieceBackend/app/serializers/post_show_serializer.rb": {
        "lines": [
          1,
          1,
          null,
          1,
          null,
          1,
          null,
          null,
          null,
          null,
          1,
          null,
          5,
          null,
          null,
          null,
          null,
          null
        ]
      },
      "/home/vishnu/personal/GreenPieceBackend/app/serializers/post_index_serializer.rb": {
        "lines": [
          1,
          1,
          null,
          1,
          null,
          1,
          null,
          null,
          null,
          null,
          null,
          1,
          2,
          null,
          null
        ]
      },
      "/home/vishnu/personal/GreenPieceBackend/app/controllers/api/v1/users_controller.rb": {
        "lines": [
          1,
          1,
          null,
          null,
          1,
          5,
          2,
          3,
          2,
          null,
          1,
          null,
          5,
          null,
          null,
          null,
          1,
          3,
          2,
          null,
          1,
          null,
          null,
          null,
          null,
          1,
          2,
          2,
          null,
          null,
          null,
          null,
          0,
          null,
          null,
          1,
          null,
          1,
          2,
          null,
          null,
          null,
          null,
          null,
          null,
          null,
          null,
          null,
          null
        ]
      },
      "/home/vishnu/personal/GreenPieceBackend/app/serializers/user_show_serializer.rb": {
        "lines": [
          1,
          1,
          null,
          1,
          null,
          1,
          null,
          null,
          null,
          null
        ]
      }
    },
    "timestamp": 1681312989
  }
}
